Using pre-set license
Built from '6000.0/staging' branch; Version is '6000.0.37f1 (090b7797214c) revision 592759'; Using compiler version '193933523'; Build Type 'Release'
OS: 'Windows 11  (10.0.22621) 64bit Professional' Language: 'zh' Physical Memory: 32509 MB
BatchMode: 1, IsHumanControllingUs: 0, StartBugReporterOnCrash: 0, Is64bit: 1, IsPro: 1

COMMAND LINE ARGUMENTS:
J:\Program Files\6000.0.37f1\Editor\Unity.exe
-adb2
-batchMode
-noUpm
-name
AssetImportWorker4
-projectPath
J:/UntityProject/System-Display-u3d
-logFile
Logs/AssetImportWorker4.log
-srvPort
12861
-job-worker-count
9
-background-job-worker-count
8
-gc-helper-count
1
Successfully changed project path to: J:/UntityProject/System-Display-u3d
J:/UntityProject/System-Display-u3d
[UnityMemory] Configuration Parameters - Can be set up in boot.config
    "memorysetup-bucket-allocator-granularity=16"
    "memorysetup-bucket-allocator-bucket-count=8"
    "memorysetup-bucket-allocator-block-size=33554432"
    "memorysetup-bucket-allocator-block-count=8"
    "memorysetup-main-allocator-block-size=16777216"
    "memorysetup-thread-allocator-block-size=16777216"
    "memorysetup-gfx-main-allocator-block-size=16777216"
    "memorysetup-gfx-thread-allocator-block-size=16777216"
    "memorysetup-cache-allocator-block-size=4194304"
    "memorysetup-typetree-allocator-block-size=2097152"
    "memorysetup-profiler-bucket-allocator-granularity=16"
    "memorysetup-profiler-bucket-allocator-bucket-count=8"
    "memorysetup-profiler-bucket-allocator-block-size=33554432"
    "memorysetup-profiler-bucket-allocator-block-count=8"
    "memorysetup-profiler-allocator-block-size=16777216"
    "memorysetup-profiler-editor-allocator-block-size=1048576"
    "memorysetup-temp-allocator-size-main=16777216"
    "memorysetup-job-temp-allocator-block-size=2097152"
    "memorysetup-job-temp-allocator-block-size-background=1048576"
    "memorysetup-job-temp-allocator-reduction-small-platforms=262144"
    "memorysetup-allocator-temp-initial-block-size-main=262144"
    "memorysetup-allocator-temp-initial-block-size-worker=262144"
    "memorysetup-temp-allocator-size-background-worker=32768"
    "memorysetup-temp-allocator-size-job-worker=262144"
    "memorysetup-temp-allocator-size-preload-manager=33554432"
    "memorysetup-temp-allocator-size-nav-mesh-worker=65536"
    "memorysetup-temp-allocator-size-audio-worker=65536"
    "memorysetup-temp-allocator-size-cloud-worker=32768"
    "memorysetup-temp-allocator-size-gi-baking-worker=262144"
    "memorysetup-temp-allocator-size-gi-baking-worker=262144"
    "memorysetup-temp-allocator-size-gi-baking-worker=262144"
    "memorysetup-temp-allocator-size-gi-baking-worker=262144"
    "memorysetup-temp-allocator-size-gi-baking-worker=262144"
    "memorysetup-temp-allocator-size-gfx=262144"
Player connection [43624]  Target information:

Player connection [43624]  * "[IP] 192.168.1.4 [Port] 0 [Flags] 2 [Guid] 1152189979 [EditorId] 1152189979 [Version] 1048832 [Id] WindowsEditor(7,DESKTOP-OCP6PL0) [Debug] 1 [PackageName] WindowsEditor [ProjectName] Editor" 

Player connection [43624] Host joined multi-casting on [225.0.0.222:54997]...
Player connection [43624] Host joined alternative multi-casting on [225.0.0.222:34997]...
JobSystem: Creating JobQueue using job-worker-count value 9
Input System module state changed to: Initialized.
[Physics::Module] Initialized fallback backend.
[Physics::Module] Id: 0xdecafbad
Library Redirect Path: Library/
[Physics::Module] Selected backend.
[Physics::Module] Name: PhysX
[Physics::Module] Id: 0xf2b8ea05
[Physics::Module] SDK Version: 4.1.2
[Physics::Module] Integration Version: 1.0.0
[Physics::Module] Threading Mode: Multi-Threaded
Refreshing native plugins compatible for Editor in 1.12 ms, found 3 plugins.
Preloading 0 native plugins for Editor in 0.00 ms.
Initialize engine version: 6000.0.37f1 (090b7797214c)
[Subsystems] Discovering subsystems at path J:/Program Files/6000.0.37f1/Editor/Data/Resources/UnitySubsystems
[Subsystems] Discovering subsystems at path J:/UntityProject/System-Display-u3d/Assets
GfxDevice: creating device client; kGfxThreadingModeNonThreaded
Direct3D:
    Version:  Direct3D 11.0 [level 11.1]
    Renderer: NVIDIA GeForce RTX 4070 Ti (ID=0x2782)
    Vendor:   NVIDIA
    VRAM:     11996 MB
    Driver:   32.0.15.6636
Initialize mono
Mono path[0] = 'J:/Program Files/6000.0.37f1/Editor/Data/Managed'
Mono path[1] = 'J:/Program Files/6000.0.37f1/Editor/Data/MonoBleedingEdge/lib/mono/unityjit-win32'
Mono config path = 'J:/Program Files/6000.0.37f1/Editor/Data/MonoBleedingEdge/etc'
Using monoOptions --debugger-agent=transport=dt_socket,embedding=1,server=y,suspend=n,address=127.0.0.1:56328
Begin MonoManager ReloadAssembly
Registering precompiled unity dll's ...
Register platform support module: J:/Program Files/6000.0.37f1/Editor/Data/PlaybackEngines/WebGLSupport/UnityEditor.WebGL.Extensions.dll
Register platform support module: J:/Program Files/6000.0.37f1/Editor/Data/PlaybackEngines/WindowsStandaloneSupport/UnityEditor.WindowsStandalone.Extensions.dll
Registered in 0.003566 seconds.
- Loaded All Assemblies, in  0.324 seconds
Native extension for WindowsStandalone target not found
Native extension for WebGL target not found
Mono: successfully reloaded assembly
- Finished resetting the current domain, in  0.274 seconds
Domain Reload Profiling: 598ms
	BeginReloadAssembly (116ms)
		ExecutionOrderSort (0ms)
		DisableScriptedObjects (0ms)
		BackupInstance (0ms)
		ReleaseScriptingObjects (0ms)
		CreateAndSetChildDomain (1ms)
	RebuildCommonClasses (30ms)
	RebuildNativeTypeToScriptingClass (10ms)
	initialDomainReloadingComplete (40ms)
	LoadAllAssembliesAndSetupDomain (129ms)
		LoadAssemblies (115ms)
		RebuildTransferFunctionScriptingTraits (0ms)
		AnalyzeDomain (127ms)
			TypeCache.Refresh (126ms)
				TypeCache.ScanAssembly (116ms)
			BuildScriptInfoCaches (0ms)
			ResolveRequiredComponents (0ms)
	FinalizeReload (274ms)
		ReleaseScriptCaches (0ms)
		RebuildScriptCaches (0ms)
		SetupLoadedEditorAssemblies (242ms)
			LogAssemblyErrors (0ms)
			InitializePlatformSupportModulesInManaged (24ms)
			SetLoadedEditorAssemblies (5ms)
			BeforeProcessingInitializeOnLoad (49ms)
			ProcessInitializeOnLoadAttributes (115ms)
			ProcessInitializeOnLoadMethodAttributes (49ms)
			AfterProcessingInitializeOnLoad (0ms)
			EditorAssembliesLoaded (0ms)
		ExecutionOrderSort2 (0ms)
		AwakeInstancesAfterBackupRestoration (0ms)
========================================================================
Worker process is ready to serve import requests
Import Worker Mode flag is 0x00
Begin MonoManager ReloadAssembly
- Loaded All Assemblies, in  0.595 seconds
Refreshing native plugins compatible for Editor in 0.63 ms, found 3 plugins.
Native extension for WindowsStandalone target not found
Native extension for WebGL target not found
Mono: successfully reloaded assembly
- Finished resetting the current domain, in  0.752 seconds
Domain Reload Profiling: 1346ms
	BeginReloadAssembly (129ms)
		ExecutionOrderSort (0ms)
		DisableScriptedObjects (5ms)
		BackupInstance (0ms)
		ReleaseScriptingObjects (0ms)
		CreateAndSetChildDomain (24ms)
	RebuildCommonClasses (31ms)
	RebuildNativeTypeToScriptingClass (10ms)
	initialDomainReloadingComplete (31ms)
	LoadAllAssembliesAndSetupDomain (393ms)
		LoadAssemblies (291ms)
		RebuildTransferFunctionScriptingTraits (0ms)
		AnalyzeDomain (179ms)
			TypeCache.Refresh (127ms)
				TypeCache.ScanAssembly (113ms)
			BuildScriptInfoCaches (41ms)
			ResolveRequiredComponents (8ms)
	FinalizeReload (753ms)
		ReleaseScriptCaches (0ms)
		RebuildScriptCaches (0ms)
		SetupLoadedEditorAssemblies (622ms)
			LogAssemblyErrors (0ms)
			InitializePlatformSupportModulesInManaged (2ms)
			SetLoadedEditorAssemblies (5ms)
			BeforeProcessingInitializeOnLoad (130ms)
			ProcessInitializeOnLoadAttributes (423ms)
			ProcessInitializeOnLoadMethodAttributes (60ms)
			AfterProcessingInitializeOnLoad (1ms)
			EditorAssembliesLoaded (0ms)
		ExecutionOrderSort2 (0ms)
		AwakeInstancesAfterBackupRestoration (7ms)
Launched and connected shader compiler UnityShaderCompiler.exe after 0.01 seconds
Refreshing native plugins compatible for Editor in 0.82 ms, found 3 plugins.
Preloading 0 native plugins for Editor in 0.00 ms.
Unloading 199 Unused Serialized files (Serialized files now loaded: 0)
Unloading 5964 unused Assets / (6.5 MB). Loaded Objects now: 6605.
Memory consumption went from 159.7 MB to 153.1 MB.
Total: 8.932500 ms (FindLiveObjects: 0.496500 ms CreateObjectMapping: 0.446100 ms MarkObjects: 4.926200 ms  DeleteObjects: 3.062500 ms)

========================================================================
Received Import Request.
  Time since last request: 743113.570197 seconds.
  path: Assets/AssetsStore/Industrial_tanks/Assets/Prefabs/cistern_yellow.prefab
  artifactKey: Guid(fc04de766d4668749adfa885ff119dbe) Importer(815301076,1909f56bfc062723c751e8b465ee728b)
Start importing Assets/AssetsStore/Industrial_tanks/Assets/Prefabs/cistern_yellow.prefab using Guid(fc04de766d4668749adfa885ff119dbe) Importer(815301076,1909f56bfc062723c751e8b465ee728b) (PreviewImporter) -> (artifact id: 'b0c7fbff704730917066415c9c614162') in 3.3109626 seconds
Number of updated asset objects reloaded before import = 0Number of asset objects unloaded after import = 16

========================================================================
Received Import Request.
  Time since last request: 69.390592 seconds.
  path: Assets/Toasty Planet Games/Industrial Equipment - Electric Motor/Art/Materials/Blue.mat
  artifactKey: Guid(5496f654a4753c640ae20878eb857f13) Importer(815301076,1909f56bfc062723c751e8b465ee728b)
Start importing Assets/Toasty Planet Games/Industrial Equipment - Electric Motor/Art/Materials/Blue.mat using Guid(5496f654a4753c640ae20878eb857f13) Importer(815301076,1909f56bfc062723c751e8b465ee728b) (PreviewImporter) -> (artifact id: '4dde1726500036092ba24a61771705e7') in 0.0250701 seconds
Number of updated asset objects reloaded before import = 0Number of asset objects unloaded after import = 1

========================================================================
Received Import Request.
  Time since last request: 9.820509 seconds.
  path: Assets/TutorialInfo/Icons/URP.png
  artifactKey: Guid(727a75301c3d24613a3ebcec4a24c2c8) Importer(815301076,1909f56bfc062723c751e8b465ee728b)
Start importing Assets/TutorialInfo/Icons/URP.png using Guid(727a75301c3d24613a3ebcec4a24c2c8) Importer(815301076,1909f56bfc062723c751e8b465ee728b) (PreviewImporter) -> (artifact id: 'c04b2cf1bfb0a1765ee5b713fde77e90') in 0.021328 seconds
Number of updated asset objects reloaded before import = 0Number of asset objects unloaded after import = 2

========================================================================
Received Import Request.
  Time since last request: 3005.168226 seconds.
  path: Assets/AssetsStore/Industrial_tanks/Assets/Materials/Cistern_1_red.mat
  artifactKey: Guid(0db7b813812bb53499ecd8a46413d9c7) Importer(815301076,1909f56bfc062723c751e8b465ee728b)
Start importing Assets/AssetsStore/Industrial_tanks/Assets/Materials/Cistern_1_red.mat using Guid(0db7b813812bb53499ecd8a46413d9c7) Importer(815301076,1909f56bfc062723c751e8b465ee728b) (PreviewImporter) -> (artifact id: 'ece24436b8f857e2f74d45a5457b87a2') in 0.0523609 seconds
Number of updated asset objects reloaded before import = 0Number of asset objects unloaded after import = 4

========================================================================
Received Import Request.
  Time since last request: 0.000039 seconds.
  path: Assets/AssetsStore/Industrial_tanks/Assets/Materials/Cistern_2_rust.mat
  artifactKey: Guid(50dc5a8aedbff204dadc273d4b62e1c1) Importer(815301076,1909f56bfc062723c751e8b465ee728b)
Start importing Assets/AssetsStore/Industrial_tanks/Assets/Materials/Cistern_2_rust.mat using Guid(50dc5a8aedbff204dadc273d4b62e1c1) Importer(815301076,1909f56bfc062723c751e8b465ee728b) (PreviewImporter) -> (artifact id: 'f97994d185acc0d765509a2f490fc8ee') in 0.0130427 seconds
Number of updated asset objects reloaded before import = 0Number of asset objects unloaded after import = 4

========================================================================
Received Import Request.
  Time since last request: 0.000025 seconds.
  path: Assets/AssetsStore/Industrial_tanks/Assets/Materials/Cistern_2_yellow.mat
  artifactKey: Guid(625c78a1a6c89fb43852ff10b9990051) Importer(815301076,1909f56bfc062723c751e8b465ee728b)
Start importing Assets/AssetsStore/Industrial_tanks/Assets/Materials/Cistern_2_yellow.mat using Guid(625c78a1a6c89fb43852ff10b9990051) Importer(815301076,1909f56bfc062723c751e8b465ee728b) (PreviewImporter) -> (artifact id: '24d34ac10b4a71a7c3e3974810015f08') in 0.0113867 seconds
Number of updated asset objects reloaded before import = 0Number of asset objects unloaded after import = 4

========================================================================
Received Import Request.
  Time since last request: 0.000017 seconds.
  path: Assets/AssetsStore/Industrial_tanks/Assets/Materials/Cistern_2_yellow_rust.mat
  artifactKey: Guid(1f5b1bbc6a457fa4aa2d3abfc7db22da) Importer(815301076,1909f56bfc062723c751e8b465ee728b)
Start importing Assets/AssetsStore/Industrial_tanks/Assets/Materials/Cistern_2_yellow_rust.mat using Guid(1f5b1bbc6a457fa4aa2d3abfc7db22da) Importer(815301076,1909f56bfc062723c751e8b465ee728b) (PreviewImporter) -> (artifact id: '09aa61549fabc74ee18aa85a63576a04') in 0.0108505 seconds
Number of updated asset objects reloaded before import = 0Number of asset objects unloaded after import = 4

========================================================================
Received Import Request.
  Time since last request: 0.000015 seconds.
  path: Assets/AssetsStore/Industrial_tanks/Assets/Materials/Cistern_2_red.mat
  artifactKey: Guid(7f6da78769eafcc458eeee57bfdf775d) Importer(815301076,1909f56bfc062723c751e8b465ee728b)
Start importing Assets/AssetsStore/Industrial_tanks/Assets/Materials/Cistern_2_red.mat using Guid(7f6da78769eafcc458eeee57bfdf775d) Importer(815301076,1909f56bfc062723c751e8b465ee728b) (PreviewImporter) -> (artifact id: 'b889e84fdff22024f3089672032bbaa5') in 0.0107198 seconds
Number of updated asset objects reloaded before import = 0Number of asset objects unloaded after import = 4

========================================================================
Received Import Request.
  Time since last request: 26.238679 seconds.
  path: Assets/Materials/化工厂1.fbx
  artifactKey: Guid(a67ee24ec418b1b4090c62cc3f9baaed) Importer(815301076,1909f56bfc062723c751e8b465ee728b)
Start importing Assets/Materials/化工厂1.fbx using Guid(a67ee24ec418b1b4090c62cc3f9baaed) Importer(815301076,1909f56bfc062723c751e8b465ee728b) (PreviewImporter) -> (artifact id: '5a0ea76874c492d6bbe90b2718762ad6') in 15.3308957 seconds
Number of updated asset objects reloaded before import = 0Number of asset objects unloaded after import = 24939

========================================================================
Received Import Request.
  Time since last request: 2754.323159 seconds.
  path: Assets/Materials/工业罐1.fbx
  artifactKey: Guid(c0d8c7013ad234242b04634206496c42) Importer(815301076,1909f56bfc062723c751e8b465ee728b)
Start importing Assets/Materials/工业罐1.fbx using Guid(c0d8c7013ad234242b04634206496c42) Importer(815301076,1909f56bfc062723c751e8b465ee728b) (PreviewImporter) -> (artifact id: 'c0a2ae5fb934a7e1c46db072f32e8f83') in 0.0998509 seconds
Number of updated asset objects reloaded before import = 0Number of asset objects unloaded after import = 64

========================================================================
Received Import Request.
  Time since last request: 403.383261 seconds.
  path: Assets/Materials/工业罐1.fbx
  artifactKey: Guid(c0d8c7013ad234242b04634206496c42) Importer(815301076,1909f56bfc062723c751e8b465ee728b)
Start importing Assets/Materials/工业罐1.fbx using Guid(c0d8c7013ad234242b04634206496c42) Importer(815301076,1909f56bfc062723c751e8b465ee728b) (PreviewImporter) -> (artifact id: 'd73ab5374371ec07c3e45ae75fddb5e7') in 0.1029301 seconds
Number of updated asset objects reloaded before import = 0Number of asset objects unloaded after import = 64

========================================================================
Received Import Request.
  Time since last request: 238.438744 seconds.
  path: Assets/Materials/工业罐1.fbx
  artifactKey: Guid(c0d8c7013ad234242b04634206496c42) Importer(815301076,1909f56bfc062723c751e8b465ee728b)
Start importing Assets/Materials/工业罐1.fbx using Guid(c0d8c7013ad234242b04634206496c42) Importer(815301076,1909f56bfc062723c751e8b465ee728b) (PreviewImporter) -> (artifact id: '06fddb7fc5884b19646b5de206a1f846') in 0.0439253 seconds
Number of updated asset objects reloaded before import = 0Number of asset objects unloaded after import = 64

========================================================================
Received Import Request.
  Time since last request: 178.822451 seconds.
  path: Assets/Materials/工业罐1.fbx
  artifactKey: Guid(c0d8c7013ad234242b04634206496c42) Importer(815301076,1909f56bfc062723c751e8b465ee728b)
Start importing Assets/Materials/工业罐1.fbx using Guid(c0d8c7013ad234242b04634206496c42) Importer(815301076,1909f56bfc062723c751e8b465ee728b) (PreviewImporter) -> (artifact id: '63ec4e3d00cad3bccad355862ee13bec') in 0.0608143 seconds
Number of updated asset objects reloaded before import = 0Number of asset objects unloaded after import = 64

========================================================================
Received Import Request.
  Time since last request: 210.420656 seconds.
  path: Assets/Materials/工业罐1.fbx
  artifactKey: Guid(c0d8c7013ad234242b04634206496c42) Importer(815301076,1909f56bfc062723c751e8b465ee728b)
Start importing Assets/Materials/工业罐1.fbx using Guid(c0d8c7013ad234242b04634206496c42) Importer(815301076,1909f56bfc062723c751e8b465ee728b) (PreviewImporter) -> (artifact id: '140a80f4d81d8d64bdaf93815ff6eaf9') in 0.044081 seconds
Number of updated asset objects reloaded before import = 0Number of asset objects unloaded after import = 64

========================================================================
Received Import Request.
  Time since last request: 176.513969 seconds.
  path: Assets/Materials/red.mat
  artifactKey: Guid(e7b05457424943d42b1d071b52fdc3a0) Importer(815301076,1909f56bfc062723c751e8b465ee728b)
Start importing Assets/Materials/red.mat using Guid(e7b05457424943d42b1d071b52fdc3a0) Importer(815301076,1909f56bfc062723c751e8b465ee728b) (PreviewImporter) -> (artifact id: '0a0d10ed1168b621fb2815244e6a4516') in 0.0067628 seconds
Number of updated asset objects reloaded before import = 0Number of asset objects unloaded after import = 1

========================================================================
Received Import Request.
  Time since last request: 155.295598 seconds.
  path: Assets/Materials/blue.mat
  artifactKey: Guid(66ce517a00b911c4ebb544a245296214) Importer(815301076,1909f56bfc062723c751e8b465ee728b)
Start importing Assets/Materials/blue.mat using Guid(66ce517a00b911c4ebb544a245296214) Importer(815301076,1909f56bfc062723c751e8b465ee728b) (PreviewImporter) -> (artifact id: '8ddf8392d1461350576a182338fff6af') in 0.0098262 seconds
Number of updated asset objects reloaded before import = 0Number of asset objects unloaded after import = 1

========================================================================
Received Import Request.
  Time since last request: 20.977133 seconds.
  path: Assets/Materials/blue.mat
  artifactKey: Guid(66ce517a00b911c4ebb544a245296214) Importer(815301076,1909f56bfc062723c751e8b465ee728b)
Start importing Assets/Materials/blue.mat using Guid(66ce517a00b911c4ebb544a245296214) Importer(815301076,1909f56bfc062723c751e8b465ee728b) (PreviewImporter) -> (artifact id: '4de2a846422e1beda7ec5db658459feb') in 0.0060217 seconds
Number of updated asset objects reloaded before import = 0Number of asset objects unloaded after import = 1

========================================================================
Received Import Request.
  Time since last request: 16668.742709 seconds.
  path: Assets/AssetsStore/Industrial_tanks/Assets/Materials/Cistern_1_concrete.mat
  artifactKey: Guid(8ae875f54318ded47962f50d33b8cb08) Importer(815301076,1909f56bfc062723c751e8b465ee728b)
Start importing Assets/AssetsStore/Industrial_tanks/Assets/Materials/Cistern_1_concrete.mat using Guid(8ae875f54318ded47962f50d33b8cb08) Importer(815301076,1909f56bfc062723c751e8b465ee728b) (PreviewImporter) -> (artifact id: 'a561f194f71562e15a7d03fbbd14b973') in 0.0383384 seconds
Number of updated asset objects reloaded before import = 0Number of asset objects unloaded after import = 3

========================================================================
Received Import Request.
  Time since last request: 0.000032 seconds.
  path: Assets/AssetsStore/Industrial_tanks/Assets/Materials/Cistern_2_new.mat
  artifactKey: Guid(53167a2cff96a254ca6fd2ac392e0e57) Importer(815301076,1909f56bfc062723c751e8b465ee728b)
Start importing Assets/AssetsStore/Industrial_tanks/Assets/Materials/Cistern_2_new.mat using Guid(53167a2cff96a254ca6fd2ac392e0e57) Importer(815301076,1909f56bfc062723c751e8b465ee728b) (PreviewImporter) -> (artifact id: 'eaeafc73bbd08aa4e9c4bc99ca044872') in 0.0158492 seconds
Number of updated asset objects reloaded before import = 0Number of asset objects unloaded after import = 3

========================================================================
Received Import Request.
  Time since last request: 19.800014 seconds.
  path: Assets/Materials/搅拌桨.fbx
  artifactKey: Guid(6f1e34b47ee63c946bf57917117df39a) Importer(815301076,1909f56bfc062723c751e8b465ee728b)
Start importing Assets/Materials/搅拌桨.fbx using Guid(6f1e34b47ee63c946bf57917117df39a) Importer(815301076,1909f56bfc062723c751e8b465ee728b) (PreviewImporter) -> (artifact id: '79342aa57e6204499df9b1db1324f27f') in 0.0254533 seconds
Number of updated asset objects reloaded before import = 0Number of asset objects unloaded after import = 24

========================================================================
Received Import Request.
  Time since last request: 14047.537541 seconds.
  path: Assets/Materials/搅拌桨.fbx
  artifactKey: Guid(6f1e34b47ee63c946bf57917117df39a) Importer(815301076,1909f56bfc062723c751e8b465ee728b)
Start importing Assets/Materials/搅拌桨.fbx using Guid(6f1e34b47ee63c946bf57917117df39a) Importer(815301076,1909f56bfc062723c751e8b465ee728b) (PreviewImporter) -> (artifact id: '67c9a346649e51f6f0a510a2a95a3863') in 0.0311493 seconds
Number of updated asset objects reloaded before import = 0Number of asset objects unloaded after import = 24

========================================================================
Received Import Request.
  Time since last request: 428.217874 seconds.
  path: Assets/Art/Script
  artifactKey: Guid(ee72be45e62f12b4abe1d71211c0bf40) Importer(815301076,1909f56bfc062723c751e8b465ee728b)
Start importing Assets/Art/Script using Guid(ee72be45e62f12b4abe1d71211c0bf40) Importer(815301076,1909f56bfc062723c751e8b465ee728b) (PreviewImporter) -> (artifact id: '20b7e76da15081d89451c54b63135b3c') in 0.0006346 seconds
Number of updated asset objects reloaded before import = 0Number of asset objects unloaded after import = 0

========================================================================
Received Prepare
Begin MonoManager ReloadAssembly
- Loaded All Assemblies, in  0.742 seconds
Refreshing native plugins compatible for Editor in 0.46 ms, found 3 plugins.
Native extension for WindowsStandalone target not found
Native extension for WebGL target not found
Mono: successfully reloaded assembly
- Finished resetting the current domain, in  0.624 seconds
Domain Reload Profiling: 1368ms
	BeginReloadAssembly (295ms)
		ExecutionOrderSort (0ms)
		DisableScriptedObjects (60ms)
		BackupInstance (0ms)
		ReleaseScriptingObjects (0ms)
		CreateAndSetChildDomain (105ms)
	RebuildCommonClasses (23ms)
	RebuildNativeTypeToScriptingClass (8ms)
	initialDomainReloadingComplete (18ms)
	LoadAllAssembliesAndSetupDomain (400ms)
		LoadAssemblies (350ms)
		RebuildTransferFunctionScriptingTraits (0ms)
		AnalyzeDomain (124ms)
			TypeCache.Refresh (10ms)
				TypeCache.ScanAssembly (0ms)
			BuildScriptInfoCaches (103ms)
			ResolveRequiredComponents (7ms)
	FinalizeReload (624ms)
		ReleaseScriptCaches (0ms)
		RebuildScriptCaches (0ms)
		SetupLoadedEditorAssemblies (479ms)
			LogAssemblyErrors (0ms)
			InitializePlatformSupportModulesInManaged (2ms)
			SetLoadedEditorAssemblies (4ms)
			BeforeProcessingInitializeOnLoad (103ms)
			ProcessInitializeOnLoadAttributes (335ms)
			ProcessInitializeOnLoadMethodAttributes (33ms)
			AfterProcessingInitializeOnLoad (1ms)
			EditorAssembliesLoaded (0ms)
		ExecutionOrderSort2 (0ms)
		AwakeInstancesAfterBackupRestoration (13ms)
Refreshing native plugins compatible for Editor in 0.81 ms, found 3 plugins.
Preloading 0 native plugins for Editor in 0.00 ms.
Unloading 47 Unused Serialized files (Serialized files now loaded: 0)
Unloading 5962 unused Assets / (6.9 MB). Loaded Objects now: 6692.
Memory consumption went from 178.0 MB to 171.1 MB.
Total: 8.177800 ms (FindLiveObjects: 0.473200 ms CreateObjectMapping: 0.309000 ms MarkObjects: 4.614200 ms  DeleteObjects: 2.780200 ms)

Prepare: number of updated asset objects reloaded= 0
========================================================================
Received Import Request.
  Time since last request: 82.539830 seconds.
  path: Assets/Art/Script/MainScript.cs
  artifactKey: Guid(1cc8870919b132d4d9190463cc53018e) Importer(815301076,1909f56bfc062723c751e8b465ee728b)
Start importing Assets/Art/Script/MainScript.cs using Guid(1cc8870919b132d4d9190463cc53018e) Importer(815301076,1909f56bfc062723c751e8b465ee728b) (PreviewImporter) -> (artifact id: 'efd8e798a21eed383581a09642e7ccbd') in 0.0080893 seconds
Number of updated asset objects reloaded before import = 0Number of asset objects unloaded after import = 0

========================================================================
Received Prepare
Refreshing native plugins compatible for Editor in 0.84 ms, found 3 plugins.
Preloading 0 native plugins for Editor in 0.00 ms.
Unloading 37 Unused Serialized files (Serialized files now loaded: 0)
Unloading 5955 unused Assets / (6.9 MB). Loaded Objects now: 6693.
Memory consumption went from 176.4 MB to 169.5 MB.
Total: 8.688900 ms (FindLiveObjects: 0.488200 ms CreateObjectMapping: 0.343500 ms MarkObjects: 4.851700 ms  DeleteObjects: 3.004400 ms)

Prepare: number of updated asset objects reloaded= 0
========================================================================
Received Import Request.
  Time since last request: 199.117054 seconds.
  path: Assets/Art/Script/impeller.cs
  artifactKey: Guid(a5ae39c325762f3489bf237e855d5df5) Importer(815301076,1909f56bfc062723c751e8b465ee728b)
Start importing Assets/Art/Script/impeller.cs using Guid(a5ae39c325762f3489bf237e855d5df5) Importer(815301076,1909f56bfc062723c751e8b465ee728b) (PreviewImporter) -> (artifact id: 'a5620ca148ca542f8db63f30f9c48583') in 0.0017776 seconds
Number of updated asset objects reloaded before import = 0Number of asset objects unloaded after import = 0

========================================================================
Received Prepare
Begin MonoManager ReloadAssembly
- Loaded All Assemblies, in  0.456 seconds
Refreshing native plugins compatible for Editor in 0.43 ms, found 3 plugins.
Native extension for WindowsStandalone target not found
Native extension for WebGL target not found
Mono: successfully reloaded assembly
- Finished resetting the current domain, in  0.585 seconds
Domain Reload Profiling: 1043ms
	BeginReloadAssembly (142ms)
		ExecutionOrderSort (0ms)
		DisableScriptedObjects (4ms)
		BackupInstance (0ms)
		ReleaseScriptingObjects (0ms)
		CreateAndSetChildDomain (32ms)
	RebuildCommonClasses (23ms)
	RebuildNativeTypeToScriptingClass (8ms)
	initialDomainReloadingComplete (15ms)
	LoadAllAssembliesAndSetupDomain (270ms)
		LoadAssemblies (241ms)
		RebuildTransferFunctionScriptingTraits (0ms)
		AnalyzeDomain (106ms)
			TypeCache.Refresh (6ms)
				TypeCache.ScanAssembly (0ms)
			BuildScriptInfoCaches (91ms)
			ResolveRequiredComponents (6ms)
	FinalizeReload (585ms)
		ReleaseScriptCaches (0ms)
		RebuildScriptCaches (0ms)
		SetupLoadedEditorAssemblies (465ms)
			LogAssemblyErrors (0ms)
			InitializePlatformSupportModulesInManaged (2ms)
			SetLoadedEditorAssemblies (4ms)
			BeforeProcessingInitializeOnLoad (103ms)
			ProcessInitializeOnLoadAttributes (324ms)
			ProcessInitializeOnLoadMethodAttributes (31ms)
			AfterProcessingInitializeOnLoad (1ms)
			EditorAssembliesLoaded (0ms)
		ExecutionOrderSort2 (0ms)
		AwakeInstancesAfterBackupRestoration (14ms)
Refreshing native plugins compatible for Editor in 0.91 ms, found 3 plugins.
Preloading 0 native plugins for Editor in 0.00 ms.
Unloading 37 Unused Serialized files (Serialized files now loaded: 0)
Unloading 5962 unused Assets / (7.3 MB). Loaded Objects now: 6695.
Memory consumption went from 176.2 MB to 168.9 MB.
Total: 8.508500 ms (FindLiveObjects: 0.540000 ms CreateObjectMapping: 0.442200 ms MarkObjects: 4.218700 ms  DeleteObjects: 3.306300 ms)

Prepare: number of updated asset objects reloaded= 0
========================================================================
Received Import Request.
  Time since last request: 4.729169 seconds.
  path: Assets/Art/Script/impeller.cs
  artifactKey: Guid(a5ae39c325762f3489bf237e855d5df5) Importer(815301076,1909f56bfc062723c751e8b465ee728b)
Start importing Assets/Art/Script/impeller.cs using Guid(a5ae39c325762f3489bf237e855d5df5) Importer(815301076,1909f56bfc062723c751e8b465ee728b) (PreviewImporter) -> (artifact id: '3e08c08a14733026037d58c954412138') in 0.0034691 seconds
Number of updated asset objects reloaded before import = 0Number of asset objects unloaded after import = 0

